<?xml version="1.0" encoding="UTF-8"?>
<testsuite xmlns:xsi="http://www.w3.org/2001/XMLSchema-instance" xsi:noNamespaceSchemaLocation="https://maven.apache.org/surefire/maven-surefire-plugin/xsd/surefire-test-report.xsd" name="calculator.TranslatorImplTest" time="1.156" tests="100" errors="0" skipped="0" failures="0">
  <properties>
    <property name="java.specification.version" value="13"/>
    <property name="sun.cpu.isalist" value="amd64"/>
    <property name="sun.jnu.encoding" value="Cp1252"/>
    <property name="java.class.path" value="C:\Users\DARKL\Desktop\testing-stayhome\target\test-classes;C:\Users\DARKL\Desktop\testing-stayhome\target\classes;C:\Users\DARKL\.m2\repository\org\springframework\boot\spring-boot-starter-web\2.0.5.RELEASE\spring-boot-starter-web-2.0.5.RELEASE.jar;C:\Users\DARKL\.m2\repository\org\springframework\boot\spring-boot-starter-json\2.0.5.RELEASE\spring-boot-starter-json-2.0.5.RELEASE.jar;C:\Users\DARKL\.m2\repository\com\fasterxml\jackson\core\jackson-databind\2.9.6\jackson-databind-2.9.6.jar;C:\Users\DARKL\.m2\repository\com\fasterxml\jackson\core\jackson-core\2.9.6\jackson-core-2.9.6.jar;C:\Users\DARKL\.m2\repository\com\fasterxml\jackson\datatype\jackson-datatype-jdk8\2.9.6\jackson-datatype-jdk8-2.9.6.jar;C:\Users\DARKL\.m2\repository\com\fasterxml\jackson\datatype\jackson-datatype-jsr310\2.9.6\jackson-datatype-jsr310-2.9.6.jar;C:\Users\DARKL\.m2\repository\com\fasterxml\jackson\module\jackson-module-parameter-names\2.9.6\jackson-module-parameter-names-2.9.6.jar;C:\Users\DARKL\.m2\repository\org\springframework\boot\spring-boot-starter-tomcat\2.0.5.RELEASE\spring-boot-starter-tomcat-2.0.5.RELEASE.jar;C:\Users\DARKL\.m2\repository\org\apache\tomcat\embed\tomcat-embed-core\8.5.34\tomcat-embed-core-8.5.34.jar;C:\Users\DARKL\.m2\repository\org\apache\tomcat\embed\tomcat-embed-el\8.5.34\tomcat-embed-el-8.5.34.jar;C:\Users\DARKL\.m2\repository\org\apache\tomcat\embed\tomcat-embed-websocket\8.5.34\tomcat-embed-websocket-8.5.34.jar;C:\Users\DARKL\.m2\repository\org\springframework\spring-web\5.0.9.RELEASE\spring-web-5.0.9.RELEASE.jar;C:\Users\DARKL\.m2\repository\org\springframework\spring-webmvc\5.0.9.RELEASE\spring-webmvc-5.0.9.RELEASE.jar;C:\Users\DARKL\.m2\repository\org\springframework\spring-context\5.0.9.RELEASE\spring-context-5.0.9.RELEASE.jar;C:\Users\DARKL\.m2\repository\org\springframework\spring-expression\5.0.9.RELEASE\spring-expression-5.0.9.RELEASE.jar;C:\Users\DARKL\.m2\repository\org\springframework\boot\spring-boot-starter-test\2.0.5.RELEASE\spring-boot-starter-test-2.0.5.RELEASE.jar;C:\Users\DARKL\.m2\repository\org\springframework\boot\spring-boot-test\2.0.5.RELEASE\spring-boot-test-2.0.5.RELEASE.jar;C:\Users\DARKL\.m2\repository\org\springframework\boot\spring-boot-test-autoconfigure\2.0.5.RELEASE\spring-boot-test-autoconfigure-2.0.5.RELEASE.jar;C:\Users\DARKL\.m2\repository\com\jayway\jsonpath\json-path\2.4.0\json-path-2.4.0.jar;C:\Users\DARKL\.m2\repository\net\minidev\json-smart\2.3\json-smart-2.3.jar;C:\Users\DARKL\.m2\repository\net\minidev\accessors-smart\1.2\accessors-smart-1.2.jar;C:\Users\DARKL\.m2\repository\org\ow2\asm\asm\5.0.4\asm-5.0.4.jar;C:\Users\DARKL\.m2\repository\org\slf4j\slf4j-api\1.7.25\slf4j-api-1.7.25.jar;C:\Users\DARKL\.m2\repository\junit\junit\4.12\junit-4.12.jar;C:\Users\DARKL\.m2\repository\org\assertj\assertj-core\3.9.1\assertj-core-3.9.1.jar;C:\Users\DARKL\.m2\repository\org\mockito\mockito-core\2.15.0\mockito-core-2.15.0.jar;C:\Users\DARKL\.m2\repository\net\bytebuddy\byte-buddy\1.7.11\byte-buddy-1.7.11.jar;C:\Users\DARKL\.m2\repository\net\bytebuddy\byte-buddy-agent\1.7.11\byte-buddy-agent-1.7.11.jar;C:\Users\DARKL\.m2\repository\org\objenesis\objenesis\2.6\objenesis-2.6.jar;C:\Users\DARKL\.m2\repository\org\hamcrest\hamcrest-core\1.3\hamcrest-core-1.3.jar;C:\Users\DARKL\.m2\repository\org\hamcrest\hamcrest-library\1.3\hamcrest-library-1.3.jar;C:\Users\DARKL\.m2\repository\org\skyscreamer\jsonassert\1.5.0\jsonassert-1.5.0.jar;C:\Users\DARKL\.m2\repository\com\vaadin\external\google\android-json\0.0.20131108.vaadin1\android-json-0.0.20131108.vaadin1.jar;C:\Users\DARKL\.m2\repository\org\springframework\spring-core\5.0.9.RELEASE\spring-core-5.0.9.RELEASE.jar;C:\Users\DARKL\.m2\repository\org\springframework\spring-jcl\5.0.9.RELEASE\spring-jcl-5.0.9.RELEASE.jar;C:\Users\DARKL\.m2\repository\org\springframework\spring-test\5.0.9.RELEASE\spring-test-5.0.9.RELEASE.jar;C:\Users\DARKL\.m2\repository\org\xmlunit\xmlunit-core\2.5.1\xmlunit-core-2.5.1.jar;C:\Users\DARKL\.m2\repository\javax\servlet\jstl\1.2\jstl-1.2.jar;C:\Users\DARKL\.m2\repository\org\springframework\boot\spring-boot-starter-data-jpa\2.0.5.RELEASE\spring-boot-starter-data-jpa-2.0.5.RELEASE.jar;C:\Users\DARKL\.m2\repository\org\springframework\boot\spring-boot-starter-aop\2.0.5.RELEASE\spring-boot-starter-aop-2.0.5.RELEASE.jar;C:\Users\DARKL\.m2\repository\org\aspectj\aspectjweaver\1.8.13\aspectjweaver-1.8.13.jar;C:\Users\DARKL\.m2\repository\org\springframework\boot\spring-boot-starter-jdbc\2.0.5.RELEASE\spring-boot-starter-jdbc-2.0.5.RELEASE.jar;C:\Users\DARKL\.m2\repository\com\zaxxer\HikariCP\2.7.9\HikariCP-2.7.9.jar;C:\Users\DARKL\.m2\repository\org\springframework\spring-jdbc\5.0.9.RELEASE\spring-jdbc-5.0.9.RELEASE.jar;C:\Users\DARKL\.m2\repository\javax\transaction\javax.transaction-api\1.2\javax.transaction-api-1.2.jar;C:\Users\DARKL\.m2\repository\org\hibernate\hibernate-core\5.2.17.Final\hibernate-core-5.2.17.Final.jar;C:\Users\DARKL\.m2\repository\org\hibernate\javax\persistence\hibernate-jpa-2.1-api\1.0.2.Final\hibernate-jpa-2.1-api-1.0.2.Final.jar;C:\Users\DARKL\.m2\repository\org\javassist\javassist\3.22.0-GA\javassist-3.22.0-GA.jar;C:\Users\DARKL\.m2\repository\antlr\antlr\2.7.7\antlr-2.7.7.jar;C:\Users\DARKL\.m2\repository\org\jboss\jandex\2.0.3.Final\jandex-2.0.3.Final.jar;C:\Users\DARKL\.m2\repository\dom4j\dom4j\1.6.1\dom4j-1.6.1.jar;C:\Users\DARKL\.m2\repository\org\hibernate\common\hibernate-commons-annotations\5.0.1.Final\hibernate-commons-annotations-5.0.1.Final.jar;C:\Users\DARKL\.m2\repository\org\springframework\data\spring-data-jpa\2.0.10.RELEASE\spring-data-jpa-2.0.10.RELEASE.jar;C:\Users\DARKL\.m2\repository\org\springframework\data\spring-data-commons\2.0.10.RELEASE\spring-data-commons-2.0.10.RELEASE.jar;C:\Users\DARKL\.m2\repository\org\springframework\spring-orm\5.0.9.RELEASE\spring-orm-5.0.9.RELEASE.jar;C:\Users\DARKL\.m2\repository\org\springframework\spring-aspects\5.0.9.RELEASE\spring-aspects-5.0.9.RELEASE.jar;C:\Users\DARKL\.m2\repository\org\postgresql\postgresql\42.2.5\postgresql-42.2.5.jar;C:\Users\DARKL\.m2\repository\mysql\mysql-connector-java\5.1.47\mysql-connector-java-5.1.47.jar;C:\Users\DARKL\.m2\repository\com\fasterxml\jackson\core\jackson-annotations\2.11.1\jackson-annotations-2.11.1.jar;C:\Users\DARKL\.m2\repository\org\hibernate\validator\hibernate-validator\7.0.0.Alpha3\hibernate-validator-7.0.0.Alpha3.jar;C:\Users\DARKL\.m2\repository\jakarta\validation\jakarta.validation-api\3.0.0-M1\jakarta.validation-api-3.0.0-M1.jar;C:\Users\DARKL\.m2\repository\org\jboss\logging\jboss-logging\3.3.2.Final\jboss-logging-3.3.2.Final.jar;C:\Users\DARKL\.m2\repository\com\fasterxml\classmate\1.3.4\classmate-1.3.4.jar;C:\Users\DARKL\.m2\repository\org\springframework\boot\spring-boot-starter\2.0.5.RELEASE\spring-boot-starter-2.0.5.RELEASE.jar;C:\Users\DARKL\.m2\repository\org\springframework\boot\spring-boot\2.0.5.RELEASE\spring-boot-2.0.5.RELEASE.jar;C:\Users\DARKL\.m2\repository\org\springframework\boot\spring-boot-autoconfigure\2.0.5.RELEASE\spring-boot-autoconfigure-2.0.5.RELEASE.jar;C:\Users\DARKL\.m2\repository\org\springframework\boot\spring-boot-starter-logging\2.0.5.RELEASE\spring-boot-starter-logging-2.0.5.RELEASE.jar;C:\Users\DARKL\.m2\repository\ch\qos\logback\logback-classic\1.2.3\logback-classic-1.2.3.jar;C:\Users\DARKL\.m2\repository\ch\qos\logback\logback-core\1.2.3\logback-core-1.2.3.jar;C:\Users\DARKL\.m2\repository\org\apache\logging\log4j\log4j-to-slf4j\2.10.0\log4j-to-slf4j-2.10.0.jar;C:\Users\DARKL\.m2\repository\org\apache\logging\log4j\log4j-api\2.10.0\log4j-api-2.10.0.jar;C:\Users\DARKL\.m2\repository\org\slf4j\jul-to-slf4j\1.7.25\jul-to-slf4j-1.7.25.jar;C:\Users\DARKL\.m2\repository\javax\annotation\javax.annotation-api\1.3.2\javax.annotation-api-1.3.2.jar;C:\Users\DARKL\.m2\repository\org\yaml\snakeyaml\1.19\snakeyaml-1.19.jar;C:\Users\DARKL\.m2\repository\org\springframework\boot\spring-boot-starter-security\2.0.5.RELEASE\spring-boot-starter-security-2.0.5.RELEASE.jar;C:\Users\DARKL\.m2\repository\org\springframework\spring-aop\5.0.9.RELEASE\spring-aop-5.0.9.RELEASE.jar;C:\Users\DARKL\.m2\repository\org\springframework\security\spring-security-config\5.0.8.RELEASE\spring-security-config-5.0.8.RELEASE.jar;C:\Users\DARKL\.m2\repository\org\springframework\security\spring-security-core\5.0.8.RELEASE\spring-security-core-5.0.8.RELEASE.jar;C:\Users\DARKL\.m2\repository\org\springframework\security\spring-security-web\5.0.8.RELEASE\spring-security-web-5.0.8.RELEASE.jar;C:\Users\DARKL\.m2\repository\org\springframework\spring-tx\5.0.7.RELEASE\spring-tx-5.0.7.RELEASE.jar;C:\Users\DARKL\.m2\repository\org\springframework\spring-beans\5.0.9.RELEASE\spring-beans-5.0.9.RELEASE.jar;C:\Users\DARKL\.m2\repository\com\itextpdf\itextpdf\5.5.6\itextpdf-5.5.6.jar;C:\Users\DARKL\.m2\repository\org\jfree\jfreechart\1.0.19\jfreechart-1.0.19.jar;C:\Users\DARKL\.m2\repository\org\jfree\jcommon\1.0.23\jcommon-1.0.23.jar;C:\Users\DARKL\.m2\repository\org\testng\testng\6.8.7\testng-6.8.7.jar;C:\Users\DARKL\.m2\repository\org\beanshell\bsh\2.0b4\bsh-2.0b4.jar;C:\Users\DARKL\.m2\repository\com\beust\jcommander\1.27\jcommander-1.27.jar;C:\Users\DARKL\.m2\repository\org\seleniumhq\selenium\selenium-java\2.39.0\selenium-java-2.39.0.jar;C:\Users\DARKL\.m2\repository\org\seleniumhq\selenium\selenium-android-driver\2.39.0\selenium-android-driver-2.39.0.jar;C:\Users\DARKL\.m2\repository\org\seleniumhq\selenium\selenium-remote-driver\2.39.0\selenium-remote-driver-2.39.0.jar;C:\Users\DARKL\.m2\repository\cglib\cglib-nodep\2.1_3\cglib-nodep-2.1_3.jar;C:\Users\DARKL\.m2\repository\org\json\json\20080701\json-20080701.jar;C:\Users\DARKL\.m2\repository\com\google\guava\guava\15.0\guava-15.0.jar;C:\Users\DARKL\.m2\repository\org\seleniumhq\selenium\selenium-chrome-driver\2.39.0\selenium-chrome-driver-2.39.0.jar;C:\Users\DARKL\.m2\repository\org\seleniumhq\selenium\selenium-htmlunit-driver\2.39.0\selenium-htmlunit-driver-2.39.0.jar;C:\Users\DARKL\.m2\repository\net\sourceforge\htmlunit\htmlunit\2.29\htmlunit-2.29.jar;C:\Users\DARKL\.m2\repository\xalan\xalan\2.7.2\xalan-2.7.2.jar;C:\Users\DARKL\.m2\repository\xalan\serializer\2.7.2\serializer-2.7.2.jar;C:\Users\DARKL\.m2\repository\org\apache\commons\commons-lang3\3.7\commons-lang3-3.7.jar;C:\Users\DARKL\.m2\repository\org\apache\commons\commons-text\1.2\commons-text-1.2.jar;C:\Users\DARKL\.m2\repository\org\apache\httpcomponents\httpmime\4.5.6\httpmime-4.5.6.jar;C:\Users\DARKL\.m2\repository\net\sourceforge\htmlunit\htmlunit-core-js\2.28\htmlunit-core-js-2.28.jar;C:\Users\DARKL\.m2\repository\net\sourceforge\htmlunit\neko-htmlunit\2.28\neko-htmlunit-2.28.jar;C:\Users\DARKL\.m2\repository\xerces\xercesImpl\2.11.0\xercesImpl-2.11.0.jar;C:\Users\DARKL\.m2\repository\xml-apis\xml-apis\1.4.01\xml-apis-1.4.01.jar;C:\Users\DARKL\.m2\repository\net\sourceforge\cssparser\cssparser\0.9.24\cssparser-0.9.24.jar;C:\Users\DARKL\.m2\repository\org\w3c\css\sac\1.3\sac-1.3.jar;C:\Users\DARKL\.m2\repository\commons-net\commons-net\3.6\commons-net-3.6.jar;C:\Users\DARKL\.m2\repository\org\eclipse\jetty\websocket\websocket-client\9.4.12.v20180830\websocket-client-9.4.12.v20180830.jar;C:\Users\DARKL\.m2\repository\org\eclipse\jetty\jetty-client\9.4.12.v20180830\jetty-client-9.4.12.v20180830.jar;C:\Users\DARKL\.m2\repository\org\eclipse\jetty\jetty-http\9.4.12.v20180830\jetty-http-9.4.12.v20180830.jar;C:\Users\DARKL\.m2\repository\org\eclipse\jetty\jetty-xml\9.4.12.v20180830\jetty-xml-9.4.12.v20180830.jar;C:\Users\DARKL\.m2\repository\org\eclipse\jetty\jetty-util\9.4.12.v20180830\jetty-util-9.4.12.v20180830.jar;C:\Users\DARKL\.m2\repository\org\eclipse\jetty\jetty-io\9.4.12.v20180830\jetty-io-9.4.12.v20180830.jar;C:\Users\DARKL\.m2\repository\org\eclipse\jetty\websocket\websocket-common\9.4.12.v20180830\websocket-common-9.4.12.v20180830.jar;C:\Users\DARKL\.m2\repository\org\eclipse\jetty\websocket\websocket-api\9.4.12.v20180830\websocket-api-9.4.12.v20180830.jar;C:\Users\DARKL\.m2\repository\org\apache\httpcomponents\httpclient\4.5.6\httpclient-4.5.6.jar;C:\Users\DARKL\.m2\repository\org\apache\httpcomponents\httpcore\4.4.10\httpcore-4.4.10.jar;C:\Users\DARKL\.m2\repository\commons-codec\commons-codec\1.11\commons-codec-1.11.jar;C:\Users\DARKL\.m2\repository\org\seleniumhq\selenium\selenium-firefox-driver\2.39.0\selenium-firefox-driver-2.39.0.jar;C:\Users\DARKL\.m2\repository\commons-io\commons-io\2.2\commons-io-2.2.jar;C:\Users\DARKL\.m2\repository\org\apache\commons\commons-exec\1.1\commons-exec-1.1.jar;C:\Users\DARKL\.m2\repository\org\seleniumhq\selenium\selenium-ie-driver\2.39.0\selenium-ie-driver-2.39.0.jar;C:\Users\DARKL\.m2\repository\net\java\dev\jna\jna\4.5.2\jna-4.5.2.jar;C:\Users\DARKL\.m2\repository\net\java\dev\jna\platform\3.4.0\platform-3.4.0.jar;C:\Users\DARKL\.m2\repository\org\seleniumhq\selenium\selenium-iphone-driver\2.39.0\selenium-iphone-driver-2.39.0.jar;C:\Users\DARKL\.m2\repository\org\seleniumhq\selenium\selenium-safari-driver\2.39.0\selenium-safari-driver-2.39.0.jar;C:\Users\DARKL\.m2\repository\org\seleniumhq\selenium\selenium-support\2.39.0\selenium-support-2.39.0.jar;C:\Users\DARKL\.m2\repository\org\seleniumhq\selenium\selenium-api\2.39.0\selenium-api-2.39.0.jar;C:\Users\DARKL\.m2\repository\org\webbitserver\webbit\0.4.14\webbit-0.4.14.jar;C:\Users\DARKL\.m2\repository\io\netty\netty\3.5.2.Final\netty-3.5.2.Final.jar;C:\Users\DARKL\.m2\repository\org\apache\maven\surefire\surefire-testng-utils\2.21.0\surefire-testng-utils-2.21.0.jar;C:\Users\DARKL\.m2\repository\org\apache\maven\surefire\surefire-grouper\2.21.0\surefire-grouper-2.21.0.jar;"/>
    <property name="java.vm.vendor" value="Oracle Corporation"/>
    <property name="sun.arch.data.model" value="64"/>
    <property name="user.variant" value=""/>
    <property name="java.vendor.url" value="https://java.oracle.com/"/>
    <property name="os.name" value="Windows 10"/>
    <property name="java.vm.specification.version" value="13"/>
    <property name="sun.java.launcher" value="SUN_STANDARD"/>
    <property name="user.country" value="PE"/>
    <property name="sun.boot.library.path" value="C:\Program Files\Java\jdk-13.0.2\bin"/>
    <property name="sun.java.command" value="C:\Users\DARKL\AppData\Local\Temp\surefire9217604413937460229\surefirebooter16154715412877986035.jar C:\Users\DARKL\AppData\Local\Temp\surefire9217604413937460229 2020-06-26T08-04-11_148-jvmRun1 surefire13960987264656120541tmp surefire_017164240352343673429tmp"/>
    <property name="jdk.debug" value="release"/>
    <property name="surefire.test.class.path" value="C:\Users\DARKL\Desktop\testing-stayhome\target\test-classes;C:\Users\DARKL\Desktop\testing-stayhome\target\classes;C:\Users\DARKL\.m2\repository\org\springframework\boot\spring-boot-starter-web\2.0.5.RELEASE\spring-boot-starter-web-2.0.5.RELEASE.jar;C:\Users\DARKL\.m2\repository\org\springframework\boot\spring-boot-starter-json\2.0.5.RELEASE\spring-boot-starter-json-2.0.5.RELEASE.jar;C:\Users\DARKL\.m2\repository\com\fasterxml\jackson\core\jackson-databind\2.9.6\jackson-databind-2.9.6.jar;C:\Users\DARKL\.m2\repository\com\fasterxml\jackson\core\jackson-core\2.9.6\jackson-core-2.9.6.jar;C:\Users\DARKL\.m2\repository\com\fasterxml\jackson\datatype\jackson-datatype-jdk8\2.9.6\jackson-datatype-jdk8-2.9.6.jar;C:\Users\DARKL\.m2\repository\com\fasterxml\jackson\datatype\jackson-datatype-jsr310\2.9.6\jackson-datatype-jsr310-2.9.6.jar;C:\Users\DARKL\.m2\repository\com\fasterxml\jackson\module\jackson-module-parameter-names\2.9.6\jackson-module-parameter-names-2.9.6.jar;C:\Users\DARKL\.m2\repository\org\springframework\boot\spring-boot-starter-tomcat\2.0.5.RELEASE\spring-boot-starter-tomcat-2.0.5.RELEASE.jar;C:\Users\DARKL\.m2\repository\org\apache\tomcat\embed\tomcat-embed-core\8.5.34\tomcat-embed-core-8.5.34.jar;C:\Users\DARKL\.m2\repository\org\apache\tomcat\embed\tomcat-embed-el\8.5.34\tomcat-embed-el-8.5.34.jar;C:\Users\DARKL\.m2\repository\org\apache\tomcat\embed\tomcat-embed-websocket\8.5.34\tomcat-embed-websocket-8.5.34.jar;C:\Users\DARKL\.m2\repository\org\springframework\spring-web\5.0.9.RELEASE\spring-web-5.0.9.RELEASE.jar;C:\Users\DARKL\.m2\repository\org\springframework\spring-webmvc\5.0.9.RELEASE\spring-webmvc-5.0.9.RELEASE.jar;C:\Users\DARKL\.m2\repository\org\springframework\spring-context\5.0.9.RELEASE\spring-context-5.0.9.RELEASE.jar;C:\Users\DARKL\.m2\repository\org\springframework\spring-expression\5.0.9.RELEASE\spring-expression-5.0.9.RELEASE.jar;C:\Users\DARKL\.m2\repository\org\springframework\boot\spring-boot-starter-test\2.0.5.RELEASE\spring-boot-starter-test-2.0.5.RELEASE.jar;C:\Users\DARKL\.m2\repository\org\springframework\boot\spring-boot-test\2.0.5.RELEASE\spring-boot-test-2.0.5.RELEASE.jar;C:\Users\DARKL\.m2\repository\org\springframework\boot\spring-boot-test-autoconfigure\2.0.5.RELEASE\spring-boot-test-autoconfigure-2.0.5.RELEASE.jar;C:\Users\DARKL\.m2\repository\com\jayway\jsonpath\json-path\2.4.0\json-path-2.4.0.jar;C:\Users\DARKL\.m2\repository\net\minidev\json-smart\2.3\json-smart-2.3.jar;C:\Users\DARKL\.m2\repository\net\minidev\accessors-smart\1.2\accessors-smart-1.2.jar;C:\Users\DARKL\.m2\repository\org\ow2\asm\asm\5.0.4\asm-5.0.4.jar;C:\Users\DARKL\.m2\repository\org\slf4j\slf4j-api\1.7.25\slf4j-api-1.7.25.jar;C:\Users\DARKL\.m2\repository\junit\junit\4.12\junit-4.12.jar;C:\Users\DARKL\.m2\repository\org\assertj\assertj-core\3.9.1\assertj-core-3.9.1.jar;C:\Users\DARKL\.m2\repository\org\mockito\mockito-core\2.15.0\mockito-core-2.15.0.jar;C:\Users\DARKL\.m2\repository\net\bytebuddy\byte-buddy\1.7.11\byte-buddy-1.7.11.jar;C:\Users\DARKL\.m2\repository\net\bytebuddy\byte-buddy-agent\1.7.11\byte-buddy-agent-1.7.11.jar;C:\Users\DARKL\.m2\repository\org\objenesis\objenesis\2.6\objenesis-2.6.jar;C:\Users\DARKL\.m2\repository\org\hamcrest\hamcrest-core\1.3\hamcrest-core-1.3.jar;C:\Users\DARKL\.m2\repository\org\hamcrest\hamcrest-library\1.3\hamcrest-library-1.3.jar;C:\Users\DARKL\.m2\repository\org\skyscreamer\jsonassert\1.5.0\jsonassert-1.5.0.jar;C:\Users\DARKL\.m2\repository\com\vaadin\external\google\android-json\0.0.20131108.vaadin1\android-json-0.0.20131108.vaadin1.jar;C:\Users\DARKL\.m2\repository\org\springframework\spring-core\5.0.9.RELEASE\spring-core-5.0.9.RELEASE.jar;C:\Users\DARKL\.m2\repository\org\springframework\spring-jcl\5.0.9.RELEASE\spring-jcl-5.0.9.RELEASE.jar;C:\Users\DARKL\.m2\repository\org\springframework\spring-test\5.0.9.RELEASE\spring-test-5.0.9.RELEASE.jar;C:\Users\DARKL\.m2\repository\org\xmlunit\xmlunit-core\2.5.1\xmlunit-core-2.5.1.jar;C:\Users\DARKL\.m2\repository\javax\servlet\jstl\1.2\jstl-1.2.jar;C:\Users\DARKL\.m2\repository\org\springframework\boot\spring-boot-starter-data-jpa\2.0.5.RELEASE\spring-boot-starter-data-jpa-2.0.5.RELEASE.jar;C:\Users\DARKL\.m2\repository\org\springframework\boot\spring-boot-starter-aop\2.0.5.RELEASE\spring-boot-starter-aop-2.0.5.RELEASE.jar;C:\Users\DARKL\.m2\repository\org\aspectj\aspectjweaver\1.8.13\aspectjweaver-1.8.13.jar;C:\Users\DARKL\.m2\repository\org\springframework\boot\spring-boot-starter-jdbc\2.0.5.RELEASE\spring-boot-starter-jdbc-2.0.5.RELEASE.jar;C:\Users\DARKL\.m2\repository\com\zaxxer\HikariCP\2.7.9\HikariCP-2.7.9.jar;C:\Users\DARKL\.m2\repository\org\springframework\spring-jdbc\5.0.9.RELEASE\spring-jdbc-5.0.9.RELEASE.jar;C:\Users\DARKL\.m2\repository\javax\transaction\javax.transaction-api\1.2\javax.transaction-api-1.2.jar;C:\Users\DARKL\.m2\repository\org\hibernate\hibernate-core\5.2.17.Final\hibernate-core-5.2.17.Final.jar;C:\Users\DARKL\.m2\repository\org\hibernate\javax\persistence\hibernate-jpa-2.1-api\1.0.2.Final\hibernate-jpa-2.1-api-1.0.2.Final.jar;C:\Users\DARKL\.m2\repository\org\javassist\javassist\3.22.0-GA\javassist-3.22.0-GA.jar;C:\Users\DARKL\.m2\repository\antlr\antlr\2.7.7\antlr-2.7.7.jar;C:\Users\DARKL\.m2\repository\org\jboss\jandex\2.0.3.Final\jandex-2.0.3.Final.jar;C:\Users\DARKL\.m2\repository\dom4j\dom4j\1.6.1\dom4j-1.6.1.jar;C:\Users\DARKL\.m2\repository\org\hibernate\common\hibernate-commons-annotations\5.0.1.Final\hibernate-commons-annotations-5.0.1.Final.jar;C:\Users\DARKL\.m2\repository\org\springframework\data\spring-data-jpa\2.0.10.RELEASE\spring-data-jpa-2.0.10.RELEASE.jar;C:\Users\DARKL\.m2\repository\org\springframework\data\spring-data-commons\2.0.10.RELEASE\spring-data-commons-2.0.10.RELEASE.jar;C:\Users\DARKL\.m2\repository\org\springframework\spring-orm\5.0.9.RELEASE\spring-orm-5.0.9.RELEASE.jar;C:\Users\DARKL\.m2\repository\org\springframework\spring-aspects\5.0.9.RELEASE\spring-aspects-5.0.9.RELEASE.jar;C:\Users\DARKL\.m2\repository\org\postgresql\postgresql\42.2.5\postgresql-42.2.5.jar;C:\Users\DARKL\.m2\repository\mysql\mysql-connector-java\5.1.47\mysql-connector-java-5.1.47.jar;C:\Users\DARKL\.m2\repository\com\fasterxml\jackson\core\jackson-annotations\2.11.1\jackson-annotations-2.11.1.jar;C:\Users\DARKL\.m2\repository\org\hibernate\validator\hibernate-validator\7.0.0.Alpha3\hibernate-validator-7.0.0.Alpha3.jar;C:\Users\DARKL\.m2\repository\jakarta\validation\jakarta.validation-api\3.0.0-M1\jakarta.validation-api-3.0.0-M1.jar;C:\Users\DARKL\.m2\repository\org\jboss\logging\jboss-logging\3.3.2.Final\jboss-logging-3.3.2.Final.jar;C:\Users\DARKL\.m2\repository\com\fasterxml\classmate\1.3.4\classmate-1.3.4.jar;C:\Users\DARKL\.m2\repository\org\springframework\boot\spring-boot-starter\2.0.5.RELEASE\spring-boot-starter-2.0.5.RELEASE.jar;C:\Users\DARKL\.m2\repository\org\springframework\boot\spring-boot\2.0.5.RELEASE\spring-boot-2.0.5.RELEASE.jar;C:\Users\DARKL\.m2\repository\org\springframework\boot\spring-boot-autoconfigure\2.0.5.RELEASE\spring-boot-autoconfigure-2.0.5.RELEASE.jar;C:\Users\DARKL\.m2\repository\org\springframework\boot\spring-boot-starter-logging\2.0.5.RELEASE\spring-boot-starter-logging-2.0.5.RELEASE.jar;C:\Users\DARKL\.m2\repository\ch\qos\logback\logback-classic\1.2.3\logback-classic-1.2.3.jar;C:\Users\DARKL\.m2\repository\ch\qos\logback\logback-core\1.2.3\logback-core-1.2.3.jar;C:\Users\DARKL\.m2\repository\org\apache\logging\log4j\log4j-to-slf4j\2.10.0\log4j-to-slf4j-2.10.0.jar;C:\Users\DARKL\.m2\repository\org\apache\logging\log4j\log4j-api\2.10.0\log4j-api-2.10.0.jar;C:\Users\DARKL\.m2\repository\org\slf4j\jul-to-slf4j\1.7.25\jul-to-slf4j-1.7.25.jar;C:\Users\DARKL\.m2\repository\javax\annotation\javax.annotation-api\1.3.2\javax.annotation-api-1.3.2.jar;C:\Users\DARKL\.m2\repository\org\yaml\snakeyaml\1.19\snakeyaml-1.19.jar;C:\Users\DARKL\.m2\repository\org\springframework\boot\spring-boot-starter-security\2.0.5.RELEASE\spring-boot-starter-security-2.0.5.RELEASE.jar;C:\Users\DARKL\.m2\repository\org\springframework\spring-aop\5.0.9.RELEASE\spring-aop-5.0.9.RELEASE.jar;C:\Users\DARKL\.m2\repository\org\springframework\security\spring-security-config\5.0.8.RELEASE\spring-security-config-5.0.8.RELEASE.jar;C:\Users\DARKL\.m2\repository\org\springframework\security\spring-security-core\5.0.8.RELEASE\spring-security-core-5.0.8.RELEASE.jar;C:\Users\DARKL\.m2\repository\org\springframework\security\spring-security-web\5.0.8.RELEASE\spring-security-web-5.0.8.RELEASE.jar;C:\Users\DARKL\.m2\repository\org\springframework\spring-tx\5.0.7.RELEASE\spring-tx-5.0.7.RELEASE.jar;C:\Users\DARKL\.m2\repository\org\springframework\spring-beans\5.0.9.RELEASE\spring-beans-5.0.9.RELEASE.jar;C:\Users\DARKL\.m2\repository\com\itextpdf\itextpdf\5.5.6\itextpdf-5.5.6.jar;C:\Users\DARKL\.m2\repository\org\jfree\jfreechart\1.0.19\jfreechart-1.0.19.jar;C:\Users\DARKL\.m2\repository\org\jfree\jcommon\1.0.23\jcommon-1.0.23.jar;C:\Users\DARKL\.m2\repository\org\testng\testng\6.8.7\testng-6.8.7.jar;C:\Users\DARKL\.m2\repository\org\beanshell\bsh\2.0b4\bsh-2.0b4.jar;C:\Users\DARKL\.m2\repository\com\beust\jcommander\1.27\jcommander-1.27.jar;C:\Users\DARKL\.m2\repository\org\seleniumhq\selenium\selenium-java\2.39.0\selenium-java-2.39.0.jar;C:\Users\DARKL\.m2\repository\org\seleniumhq\selenium\selenium-android-driver\2.39.0\selenium-android-driver-2.39.0.jar;C:\Users\DARKL\.m2\repository\org\seleniumhq\selenium\selenium-remote-driver\2.39.0\selenium-remote-driver-2.39.0.jar;C:\Users\DARKL\.m2\repository\cglib\cglib-nodep\2.1_3\cglib-nodep-2.1_3.jar;C:\Users\DARKL\.m2\repository\org\json\json\20080701\json-20080701.jar;C:\Users\DARKL\.m2\repository\com\google\guava\guava\15.0\guava-15.0.jar;C:\Users\DARKL\.m2\repository\org\seleniumhq\selenium\selenium-chrome-driver\2.39.0\selenium-chrome-driver-2.39.0.jar;C:\Users\DARKL\.m2\repository\org\seleniumhq\selenium\selenium-htmlunit-driver\2.39.0\selenium-htmlunit-driver-2.39.0.jar;C:\Users\DARKL\.m2\repository\net\sourceforge\htmlunit\htmlunit\2.29\htmlunit-2.29.jar;C:\Users\DARKL\.m2\repository\xalan\xalan\2.7.2\xalan-2.7.2.jar;C:\Users\DARKL\.m2\repository\xalan\serializer\2.7.2\serializer-2.7.2.jar;C:\Users\DARKL\.m2\repository\org\apache\commons\commons-lang3\3.7\commons-lang3-3.7.jar;C:\Users\DARKL\.m2\repository\org\apache\commons\commons-text\1.2\commons-text-1.2.jar;C:\Users\DARKL\.m2\repository\org\apache\httpcomponents\httpmime\4.5.6\httpmime-4.5.6.jar;C:\Users\DARKL\.m2\repository\net\sourceforge\htmlunit\htmlunit-core-js\2.28\htmlunit-core-js-2.28.jar;C:\Users\DARKL\.m2\repository\net\sourceforge\htmlunit\neko-htmlunit\2.28\neko-htmlunit-2.28.jar;C:\Users\DARKL\.m2\repository\xerces\xercesImpl\2.11.0\xercesImpl-2.11.0.jar;C:\Users\DARKL\.m2\repository\xml-apis\xml-apis\1.4.01\xml-apis-1.4.01.jar;C:\Users\DARKL\.m2\repository\net\sourceforge\cssparser\cssparser\0.9.24\cssparser-0.9.24.jar;C:\Users\DARKL\.m2\repository\org\w3c\css\sac\1.3\sac-1.3.jar;C:\Users\DARKL\.m2\repository\commons-net\commons-net\3.6\commons-net-3.6.jar;C:\Users\DARKL\.m2\repository\org\eclipse\jetty\websocket\websocket-client\9.4.12.v20180830\websocket-client-9.4.12.v20180830.jar;C:\Users\DARKL\.m2\repository\org\eclipse\jetty\jetty-client\9.4.12.v20180830\jetty-client-9.4.12.v20180830.jar;C:\Users\DARKL\.m2\repository\org\eclipse\jetty\jetty-http\9.4.12.v20180830\jetty-http-9.4.12.v20180830.jar;C:\Users\DARKL\.m2\repository\org\eclipse\jetty\jetty-xml\9.4.12.v20180830\jetty-xml-9.4.12.v20180830.jar;C:\Users\DARKL\.m2\repository\org\eclipse\jetty\jetty-util\9.4.12.v20180830\jetty-util-9.4.12.v20180830.jar;C:\Users\DARKL\.m2\repository\org\eclipse\jetty\jetty-io\9.4.12.v20180830\jetty-io-9.4.12.v20180830.jar;C:\Users\DARKL\.m2\repository\org\eclipse\jetty\websocket\websocket-common\9.4.12.v20180830\websocket-common-9.4.12.v20180830.jar;C:\Users\DARKL\.m2\repository\org\eclipse\jetty\websocket\websocket-api\9.4.12.v20180830\websocket-api-9.4.12.v20180830.jar;C:\Users\DARKL\.m2\repository\org\apache\httpcomponents\httpclient\4.5.6\httpclient-4.5.6.jar;C:\Users\DARKL\.m2\repository\org\apache\httpcomponents\httpcore\4.4.10\httpcore-4.4.10.jar;C:\Users\DARKL\.m2\repository\commons-codec\commons-codec\1.11\commons-codec-1.11.jar;C:\Users\DARKL\.m2\repository\org\seleniumhq\selenium\selenium-firefox-driver\2.39.0\selenium-firefox-driver-2.39.0.jar;C:\Users\DARKL\.m2\repository\commons-io\commons-io\2.2\commons-io-2.2.jar;C:\Users\DARKL\.m2\repository\org\apache\commons\commons-exec\1.1\commons-exec-1.1.jar;C:\Users\DARKL\.m2\repository\org\seleniumhq\selenium\selenium-ie-driver\2.39.0\selenium-ie-driver-2.39.0.jar;C:\Users\DARKL\.m2\repository\net\java\dev\jna\jna\4.5.2\jna-4.5.2.jar;C:\Users\DARKL\.m2\repository\net\java\dev\jna\platform\3.4.0\platform-3.4.0.jar;C:\Users\DARKL\.m2\repository\org\seleniumhq\selenium\selenium-iphone-driver\2.39.0\selenium-iphone-driver-2.39.0.jar;C:\Users\DARKL\.m2\repository\org\seleniumhq\selenium\selenium-safari-driver\2.39.0\selenium-safari-driver-2.39.0.jar;C:\Users\DARKL\.m2\repository\org\seleniumhq\selenium\selenium-support\2.39.0\selenium-support-2.39.0.jar;C:\Users\DARKL\.m2\repository\org\seleniumhq\selenium\selenium-api\2.39.0\selenium-api-2.39.0.jar;C:\Users\DARKL\.m2\repository\org\webbitserver\webbit\0.4.14\webbit-0.4.14.jar;C:\Users\DARKL\.m2\repository\io\netty\netty\3.5.2.Final\netty-3.5.2.Final.jar;C:\Users\DARKL\.m2\repository\org\apache\maven\surefire\surefire-testng-utils\2.21.0\surefire-testng-utils-2.21.0.jar;C:\Users\DARKL\.m2\repository\org\apache\maven\surefire\surefire-grouper\2.21.0\surefire-grouper-2.21.0.jar;"/>
    <property name="sun.cpu.endian" value="little"/>
    <property name="user.home" value="C:\Users\DARKL"/>
    <property name="user.language" value="es"/>
    <property name="java.specification.vendor" value="Oracle Corporation"/>
    <property name="java.version.date" value="2020-01-14"/>
    <property name="java.home" value="C:\Program Files\Java\jdk-13.0.2"/>
    <property name="file.separator" value="\"/>
    <property name="basedir" value="C:\Users\DARKL\Desktop\testing-stayhome"/>
    <property name="java.vm.compressedOopsMode" value="Zero based"/>
    <property name="line.separator" value="&#10;"/>
    <property name="java.specification.name" value="Java Platform API Specification"/>
    <property name="java.vm.specification.vendor" value="Oracle Corporation"/>
    <property name="surefire.real.class.path" value="C:\Users\DARKL\AppData\Local\Temp\surefire9217604413937460229\surefirebooter16154715412877986035.jar"/>
    <property name="user.script" value=""/>
    <property name="sun.management.compiler" value="HotSpot 64-Bit Tiered Compilers"/>
    <property name="java.runtime.version" value="13.0.2+8"/>
    <property name="user.name" value="DARKL"/>
    <property name="path.separator" value=";"/>
    <property name="os.version" value="10.0"/>
    <property name="java.runtime.name" value="Java(TM) SE Runtime Environment"/>
    <property name="file.encoding" value="Cp1252"/>
    <property name="java.vm.name" value="Java HotSpot(TM) 64-Bit Server VM"/>
    <property name="localRepository" value="C:\Users\DARKL\.m2\repository"/>
    <property name="java.vendor.url.bug" value="https://bugreport.java.com/bugreport/"/>
    <property name="java.io.tmpdir" value="C:\Users\DARKL\AppData\Local\Temp\"/>
    <property name="java.version" value="13.0.2"/>
    <property name="user.dir" value="C:\Users\DARKL\Desktop\testing-stayhome"/>
    <property name="os.arch" value="amd64"/>
    <property name="java.vm.specification.name" value="Java Virtual Machine Specification"/>
    <property name="sun.os.patch.level" value=""/>
    <property name="java.library.path" value="C:\Program Files\Java\jdk-13.0.2\bin;C:\Windows\Sun\Java\bin;C:\Windows\system32;C:\Windows;C:\Windows\system32;C:\Windows;C:\Windows\System32\Wbem;C:\Windows\System32\WindowsPowerShell\v1.0\;C:\Windows\System32\OpenSSH\;C:\Program Files\NVIDIA Corporation\NVIDIA NvDLISR;C:\Program Files (x86)\NVIDIA Corporation\PhysX\Common;C:\Program Files\nodejs\;C:\Program Files\Java\jdk-13.0.2\bin;C:\Users\DARKL\AppData\Local\Microsoft\WindowsApps;C:\Program Files\JetBrains\CLion 2020.1.2\bin;;C:\Program Files\JetBrains\IntelliJ IDEA 2020.1.2\bin;;C:\Users\DARKL\AppData\Local\Programs\Microsoft VS Code\bin;C:\Users\DARKL\AppData\Roaming\npm;C:\Program Files\apache-maven-3.6.3\bin;;."/>
    <property name="java.vm.info" value="mixed mode, sharing"/>
    <property name="java.vendor" value="Oracle Corporation"/>
    <property name="java.vm.version" value="13.0.2+8"/>
    <property name="sun.io.unicode.encoding" value="UnicodeLittle"/>
    <property name="java.class.version" value="57.0"/>
  </properties>
  <testcase name="testTranslateDummy" classname="calculator.TranslatorImplTest" time="0.004"/>
  <testcase name="testTranslateDummy" classname="calculator.TranslatorImplTest" time="0.005"/>
  <testcase name="testTranslateDummy" classname="calculator.TranslatorImplTest" time="0.005"/>
  <testcase name="testTranslateDummy" classname="calculator.TranslatorImplTest" time="0.005"/>
  <testcase name="testTranslateDummy" classname="calculator.TranslatorImplTest" time="0.005"/>
  <testcase name="testTranslateDummy" classname="calculator.TranslatorImplTest" time="0"/>
  <testcase name="testTranslateDummy" classname="calculator.TranslatorImplTest" time="0"/>
  <testcase name="testTranslateDummy" classname="calculator.TranslatorImplTest" time="0"/>
  <testcase name="testTranslateDummy" classname="calculator.TranslatorImplTest" time="0"/>
  <testcase name="testTranslateDummy" classname="calculator.TranslatorImplTest" time="0"/>
  <testcase name="testTranslateDummy" classname="calculator.TranslatorImplTest" time="0"/>
  <testcase name="testTranslateDummy" classname="calculator.TranslatorImplTest" time="0"/>
  <testcase name="testTranslateDummy" classname="calculator.TranslatorImplTest" time="0"/>
  <testcase name="testTranslateDummy" classname="calculator.TranslatorImplTest" time="0"/>
  <testcase name="testTranslateDummy" classname="calculator.TranslatorImplTest" time="0"/>
  <testcase name="testTranslateDummy" classname="calculator.TranslatorImplTest" time="0.002"/>
  <testcase name="testTranslateDummy" classname="calculator.TranslatorImplTest" time="0.002"/>
  <testcase name="testTranslateDummy" classname="calculator.TranslatorImplTest" time="0.002"/>
  <testcase name="testTranslateDummy" classname="calculator.TranslatorImplTest" time="0.002"/>
  <testcase name="testTranslateDummy" classname="calculator.TranslatorImplTest" time="0.002"/>
  <testcase name="testTranslateDummy" classname="calculator.TranslatorImplTest" time="0.001"/>
  <testcase name="testTranslateDummy" classname="calculator.TranslatorImplTest" time="0"/>
  <testcase name="testTranslateDummy" classname="calculator.TranslatorImplTest" time="0"/>
  <testcase name="testTranslateDummy" classname="calculator.TranslatorImplTest" time="0"/>
  <testcase name="testTranslateDummy" classname="calculator.TranslatorImplTest" time="0"/>
  <testcase name="testTranslateDummy" classname="calculator.TranslatorImplTest" time="0.001"/>
  <testcase name="testTranslateDummy" classname="calculator.TranslatorImplTest" time="0"/>
  <testcase name="testTranslateDummy" classname="calculator.TranslatorImplTest" time="0"/>
  <testcase name="testTranslateDummy" classname="calculator.TranslatorImplTest" time="0"/>
  <testcase name="testTranslateDummy" classname="calculator.TranslatorImplTest" time="0"/>
  <testcase name="testTranslateDummy" classname="calculator.TranslatorImplTest" time="0"/>
  <testcase name="testTranslateDummy" classname="calculator.TranslatorImplTest" time="0"/>
  <testcase name="testTranslateDummy" classname="calculator.TranslatorImplTest" time="0"/>
  <testcase name="testTranslateDummy" classname="calculator.TranslatorImplTest" time="0"/>
  <testcase name="testTranslateDummy" classname="calculator.TranslatorImplTest" time="0"/>
  <testcase name="testTranslateDummy" classname="calculator.TranslatorImplTest" time="0"/>
  <testcase name="testTranslateDummy" classname="calculator.TranslatorImplTest" time="0.001"/>
  <testcase name="testTranslateDummy" classname="calculator.TranslatorImplTest" time="0.001"/>
  <testcase name="testTranslateDummy" classname="calculator.TranslatorImplTest" time="0"/>
  <testcase name="testTranslateDummy" classname="calculator.TranslatorImplTest" time="0"/>
  <testcase name="testTranslateDummy" classname="calculator.TranslatorImplTest" time="0"/>
  <testcase name="testTranslateDummy" classname="calculator.TranslatorImplTest" time="0"/>
  <testcase name="testTranslateDummy" classname="calculator.TranslatorImplTest" time="0"/>
  <testcase name="testTranslateDummy" classname="calculator.TranslatorImplTest" time="0"/>
  <testcase name="testTranslateDummy" classname="calculator.TranslatorImplTest" time="0"/>
  <testcase name="testTranslateDummy" classname="calculator.TranslatorImplTest" time="0"/>
  <testcase name="testTranslateDummy" classname="calculator.TranslatorImplTest" time="0"/>
  <testcase name="testTranslateDummy" classname="calculator.TranslatorImplTest" time="0"/>
  <testcase name="testTranslateDummy" classname="calculator.TranslatorImplTest" time="0"/>
  <testcase name="testTranslateDummy" classname="calculator.TranslatorImplTest" time="0"/>
  <testcase name="testTranslateDummy" classname="calculator.TranslatorImplTest" time="0"/>
  <testcase name="testTranslateDummy" classname="calculator.TranslatorImplTest" time="0"/>
  <testcase name="testTranslateDummy" classname="calculator.TranslatorImplTest" time="0"/>
  <testcase name="testTranslateDummy" classname="calculator.TranslatorImplTest" time="0"/>
  <testcase name="testTranslateDummy" classname="calculator.TranslatorImplTest" time="0"/>
  <testcase name="testTranslateDummy" classname="calculator.TranslatorImplTest" time="0"/>
  <testcase name="testTranslateDummy" classname="calculator.TranslatorImplTest" time="0"/>
  <testcase name="testTranslateDummy" classname="calculator.TranslatorImplTest" time="0"/>
  <testcase name="testTranslateDummy" classname="calculator.TranslatorImplTest" time="0"/>
  <testcase name="testTranslateDummy" classname="calculator.TranslatorImplTest" time="0"/>
  <testcase name="testTranslateDummy" classname="calculator.TranslatorImplTest" time="0"/>
  <testcase name="testTranslateDummy" classname="calculator.TranslatorImplTest" time="0"/>
  <testcase name="testTranslateDummy" classname="calculator.TranslatorImplTest" time="0"/>
  <testcase name="testTranslateDummy" classname="calculator.TranslatorImplTest" time="0"/>
  <testcase name="testTranslateDummy" classname="calculator.TranslatorImplTest" time="0"/>
  <testcase name="testTranslateDummy" classname="calculator.TranslatorImplTest" time="0"/>
  <testcase name="testTranslateDummy" classname="calculator.TranslatorImplTest" time="0"/>
  <testcase name="testTranslateDummy" classname="calculator.TranslatorImplTest" time="0"/>
  <testcase name="testTranslateDummy" classname="calculator.TranslatorImplTest" time="0"/>
  <testcase name="testTranslateDummy" classname="calculator.TranslatorImplTest" time="0"/>
  <testcase name="testTranslateDummy" classname="calculator.TranslatorImplTest" time="0"/>
  <testcase name="testTranslateDummy" classname="calculator.TranslatorImplTest" time="0"/>
  <testcase name="testTranslateDummy" classname="calculator.TranslatorImplTest" time="0"/>
  <testcase name="testTranslateDummy" classname="calculator.TranslatorImplTest" time="0"/>
  <testcase name="testTranslateDummy" classname="calculator.TranslatorImplTest" time="0"/>
  <testcase name="testTranslateDummy" classname="calculator.TranslatorImplTest" time="0"/>
  <testcase name="testTranslateDummy" classname="calculator.TranslatorImplTest" time="0"/>
  <testcase name="testTranslateDummy" classname="calculator.TranslatorImplTest" time="0"/>
  <testcase name="testTranslateDummy" classname="calculator.TranslatorImplTest" time="0.001"/>
  <testcase name="testTranslateDummy" classname="calculator.TranslatorImplTest" time="0"/>
  <testcase name="testTranslateDummy" classname="calculator.TranslatorImplTest" time="0"/>
  <testcase name="testTranslateDummy" classname="calculator.TranslatorImplTest" time="0"/>
  <testcase name="testTranslateDummy" classname="calculator.TranslatorImplTest" time="0"/>
  <testcase name="testTranslateDummy" classname="calculator.TranslatorImplTest" time="0"/>
  <testcase name="testTranslateDummy" classname="calculator.TranslatorImplTest" time="0"/>
  <testcase name="testTranslateDummy" classname="calculator.TranslatorImplTest" time="0"/>
  <testcase name="testTranslateDummy" classname="calculator.TranslatorImplTest" time="0"/>
  <testcase name="testTranslateDummy" classname="calculator.TranslatorImplTest" time="0"/>
  <testcase name="testTranslateDummy" classname="calculator.TranslatorImplTest" time="0"/>
  <testcase name="testTranslateDummy" classname="calculator.TranslatorImplTest" time="0"/>
  <testcase name="testTranslateDummy" classname="calculator.TranslatorImplTest" time="0"/>
  <testcase name="testTranslateDummy" classname="calculator.TranslatorImplTest" time="0"/>
  <testcase name="testTranslateDummy" classname="calculator.TranslatorImplTest" time="0"/>
  <testcase name="testTranslateDummy" classname="calculator.TranslatorImplTest" time="0"/>
  <testcase name="testTranslateDummy" classname="calculator.TranslatorImplTest" time="0.001"/>
  <testcase name="testTranslateDummy" classname="calculator.TranslatorImplTest" time="0"/>
  <testcase name="testTranslateDummy" classname="calculator.TranslatorImplTest" time="0"/>
  <testcase name="testTranslateDummy" classname="calculator.TranslatorImplTest" time="0"/>
  <testcase name="testTranslateDummy" classname="calculator.TranslatorImplTest" time="0"/>
  <testcase name="testTranslateDummy" classname="calculator.TranslatorImplTest" time="0"/>
</testsuite>