<?xml version="1.0" encoding="UTF-8"?>
<!-- Generated by org.testng.reporters.JUnitReportReporter -->
<testsuite hostname="DESKTOP-1DFLKL7" failures="0" tests="100" name="calculator.TranslatorImplTest" time="0.165" errors="0" timestamp="26 Jun 2020 13:04:13 GMT">
  <testcase classname="calculator.TranslatorImplTest" name="testTranslateDummy" time="0.001"/>
  <testcase classname="calculator.TranslatorImplTest" name="testTranslateDummy" time="0.001"/>
  <testcase classname="calculator.TranslatorImplTest" name="testTranslateDummy" time="0.002"/>
  <testcase classname="calculator.TranslatorImplTest" name="testTranslateDummy" time="0.001"/>
  <testcase classname="calculator.TranslatorImplTest" name="testTranslateDummy" time="0.000"/>
  <testcase classname="calculator.TranslatorImplTest" name="testTranslateDummy" time="0.014"/>
  <testcase classname="calculator.TranslatorImplTest" name="testTranslateDummy" time="0.001"/>
  <testcase classname="calculator.TranslatorImplTest" name="testTranslateDummy" time="0.000"/>
  <testcase classname="calculator.TranslatorImplTest" name="testTranslateDummy" time="0.005"/>
  <testcase classname="calculator.TranslatorImplTest" name="testTranslateDummy" time="0.000"/>
  <testcase classname="calculator.TranslatorImplTest" name="testTranslateDummy" time="0.000"/>
  <testcase classname="calculator.TranslatorImplTest" name="testTranslateDummy" time="0.001"/>
  <testcase classname="calculator.TranslatorImplTest" name="testTranslateDummy" time="0.018"/>
  <testcase classname="calculator.TranslatorImplTest" name="testTranslateDummy" time="0.000"/>
  <testcase classname="calculator.TranslatorImplTest" name="testTranslateDummy" time="0.000"/>
  <testcase classname="calculator.TranslatorImplTest" name="testTranslateDummy" time="0.000"/>
  <testcase classname="calculator.TranslatorImplTest" name="testTranslateDummy" time="0.000"/>
  <testcase classname="calculator.TranslatorImplTest" name="testTranslateDummy" time="0.000"/>
  <testcase classname="calculator.TranslatorImplTest" name="testTranslateDummy" time="0.001"/>
  <testcase classname="calculator.TranslatorImplTest" name="testTranslateDummy" time="0.004"/>
  <testcase classname="calculator.TranslatorImplTest" name="testTranslateDummy" time="0.015"/>
  <testcase classname="calculator.TranslatorImplTest" name="testTranslateDummy" time="0.004"/>
  <testcase classname="calculator.TranslatorImplTest" name="testTranslateDummy" time="0.005"/>
  <testcase classname="calculator.TranslatorImplTest" name="testTranslateDummy" time="0.001"/>
  <testcase classname="calculator.TranslatorImplTest" name="testTranslateDummy" time="0.000"/>
  <testcase classname="calculator.TranslatorImplTest" name="testTranslateDummy" time="0.000"/>
  <testcase classname="calculator.TranslatorImplTest" name="testTranslateDummy" time="0.000"/>
  <testcase classname="calculator.TranslatorImplTest" name="testTranslateDummy" time="0.000"/>
  <testcase classname="calculator.TranslatorImplTest" name="testTranslateDummy" time="0.004"/>
  <testcase classname="calculator.TranslatorImplTest" name="testTranslateDummy" time="0.000"/>
  <testcase classname="calculator.TranslatorImplTest" name="testTranslateDummy" time="0.001"/>
  <testcase classname="calculator.TranslatorImplTest" name="testTranslateDummy" time="0.000"/>
  <testcase classname="calculator.TranslatorImplTest" name="testTranslateDummy" time="0.000"/>
  <testcase classname="calculator.TranslatorImplTest" name="testTranslateDummy" time="0.000"/>
  <testcase classname="calculator.TranslatorImplTest" name="testTranslateDummy" time="0.000"/>
  <testcase classname="calculator.TranslatorImplTest" name="testTranslateDummy" time="0.000"/>
  <testcase classname="calculator.TranslatorImplTest" name="testTranslateDummy" time="0.000"/>
  <testcase classname="calculator.TranslatorImplTest" name="testTranslateDummy" time="0.004"/>
  <testcase classname="calculator.TranslatorImplTest" name="testTranslateDummy" time="0.002"/>
  <testcase classname="calculator.TranslatorImplTest" name="testTranslateDummy" time="0.001"/>
  <testcase classname="calculator.TranslatorImplTest" name="testTranslateDummy" time="0.000"/>
  <testcase classname="calculator.TranslatorImplTest" name="testTranslateDummy" time="0.000"/>
  <testcase classname="calculator.TranslatorImplTest" name="testTranslateDummy" time="0.001"/>
  <testcase classname="calculator.TranslatorImplTest" name="testTranslateDummy" time="0.016"/>
  <testcase classname="calculator.TranslatorImplTest" name="testTranslateDummy" time="0.000"/>
  <testcase classname="calculator.TranslatorImplTest" name="testTranslateDummy" time="0.015"/>
  <testcase classname="calculator.TranslatorImplTest" name="testTranslateDummy" time="0.003"/>
  <testcase classname="calculator.TranslatorImplTest" name="testTranslateDummy" time="0.001"/>
  <testcase classname="calculator.TranslatorImplTest" name="testTranslateDummy" time="0.001"/>
  <testcase classname="calculator.TranslatorImplTest" name="testTranslateDummy" time="0.000"/>
  <testcase classname="calculator.TranslatorImplTest" name="testTranslateDummy" time="0.000"/>
  <testcase classname="calculator.TranslatorImplTest" name="testTranslateDummy" time="0.000"/>
  <testcase classname="calculator.TranslatorImplTest" name="testTranslateDummy" time="0.001"/>
  <testcase classname="calculator.TranslatorImplTest" name="testTranslateDummy" time="0.001"/>
  <testcase classname="calculator.TranslatorImplTest" name="testTranslateDummy" time="0.000"/>
  <testcase classname="calculator.TranslatorImplTest" name="testTranslateDummy" time="0.000"/>
  <testcase classname="calculator.TranslatorImplTest" name="testTranslateDummy" time="0.000"/>
  <testcase classname="calculator.TranslatorImplTest" name="testTranslateDummy" time="0.002"/>
  <testcase classname="calculator.TranslatorImplTest" name="testTranslateDummy" time="0.004"/>
  <testcase classname="calculator.TranslatorImplTest" name="testTranslateDummy" time="0.001"/>
  <testcase classname="calculator.TranslatorImplTest" name="testTranslateDummy" time="0.001"/>
  <testcase classname="calculator.TranslatorImplTest" name="testTranslateDummy" time="0.000"/>
  <testcase classname="calculator.TranslatorImplTest" name="testTranslateDummy" time="0.000"/>
  <testcase classname="calculator.TranslatorImplTest" name="testTranslateDummy" time="0.001"/>
  <testcase classname="calculator.TranslatorImplTest" name="testTranslateDummy" time="0.000"/>
  <testcase classname="calculator.TranslatorImplTest" name="testTranslateDummy" time="0.001"/>
  <testcase classname="calculator.TranslatorImplTest" name="testTranslateDummy" time="0.000"/>
  <testcase classname="calculator.TranslatorImplTest" name="testTranslateDummy" time="0.001"/>
  <testcase classname="calculator.TranslatorImplTest" name="testTranslateDummy" time="0.000"/>
  <testcase classname="calculator.TranslatorImplTest" name="testTranslateDummy" time="0.001"/>
  <testcase classname="calculator.TranslatorImplTest" name="testTranslateDummy" time="0.000"/>
  <testcase classname="calculator.TranslatorImplTest" name="testTranslateDummy" time="0.001"/>
  <testcase classname="calculator.TranslatorImplTest" name="testTranslateDummy" time="0.001"/>
  <testcase classname="calculator.TranslatorImplTest" name="testTranslateDummy" time="0.000"/>
  <testcase classname="calculator.TranslatorImplTest" name="testTranslateDummy" time="0.002"/>
  <testcase classname="calculator.TranslatorImplTest" name="testTranslateDummy" time="0.001"/>
  <testcase classname="calculator.TranslatorImplTest" name="testTranslateDummy" time="0.000"/>
  <testcase classname="calculator.TranslatorImplTest" name="testTranslateDummy" time="0.005"/>
  <testcase classname="calculator.TranslatorImplTest" name="testTranslateDummy" time="0.000"/>
  <testcase classname="calculator.TranslatorImplTest" name="testTranslateDummy" time="0.000"/>
  <testcase classname="calculator.TranslatorImplTest" name="testTranslateDummy" time="0.006"/>
  <testcase classname="calculator.TranslatorImplTest" name="testTranslateDummy" time="0.001"/>
  <testcase classname="calculator.TranslatorImplTest" name="testTranslateDummy" time="0.001"/>
  <testcase classname="calculator.TranslatorImplTest" name="testTranslateDummy" time="0.000"/>
  <testcase classname="calculator.TranslatorImplTest" name="testTranslateDummy" time="0.000"/>
  <testcase classname="calculator.TranslatorImplTest" name="testTranslateDummy" time="0.000"/>
  <testcase classname="calculator.TranslatorImplTest" name="testTranslateDummy" time="0.000"/>
  <testcase classname="calculator.TranslatorImplTest" name="testTranslateDummy" time="0.002"/>
  <testcase classname="calculator.TranslatorImplTest" name="testTranslateDummy" time="0.000"/>
  <testcase classname="calculator.TranslatorImplTest" name="testTranslateDummy" time="0.001"/>
  <testcase classname="calculator.TranslatorImplTest" name="testTranslateDummy" time="0.001"/>
  <testcase classname="calculator.TranslatorImplTest" name="testTranslateDummy" time="0.001"/>
  <testcase classname="calculator.TranslatorImplTest" name="testTranslateDummy" time="0.000"/>
  <testcase classname="calculator.TranslatorImplTest" name="testTranslateDummy" time="0.003"/>
  <testcase classname="calculator.TranslatorImplTest" name="testTranslateDummy" time="0.000"/>
  <testcase classname="calculator.TranslatorImplTest" name="testTranslateDummy" time="0.000"/>
  <testcase classname="calculator.TranslatorImplTest" name="testTranslateDummy" time="0.000"/>
  <testcase classname="calculator.TranslatorImplTest" name="testTranslateDummy" time="0.001"/>
  <testcase classname="calculator.TranslatorImplTest" name="testTranslateDummy" time="0.001"/>
  <testcase classname="calculator.TranslatorImplTest" name="testTranslateDummy" time="0.000"/>
</testsuite> <!-- calculator.TranslatorImplTest -->
